[0.282s] Invoking command in '/home/michal/code/msas_elrob_2024/mandeye_unicorn/build/mandeye_unicorn': CMAKE_PREFIX_PATH=${CMAKE_PREFIX_PATH}:/home/michal/SmartMicroWs/install/radar_bringup:/home/michal/github/ROSCon2023Demo/ros2_ws/install/otto_fleet_nav:/home/michal/github/ROSConDemo/kraken_nav/install/o3de_kraken_orchestration:/home/michal/github/ROSConDemo/kraken_nav/install/o3de_kraken_nav:/opt/ros/humble /usr/bin/cmake --build /home/michal/code/msas_elrob_2024/mandeye_unicorn/build/mandeye_unicorn -- -j16 -l16
[0.358s] [  4%] Built target laszip_api
[0.359s] [ 46%] Built target laszip
[0.384s] [35m[1mConsolidate compiler generated dependencies of target mandeye_unicorn[0m
[0.385s] [35m[1mConsolidate compiler generated dependencies of target base_station_unicorn[0m
[0.434s] [ 48%] [32mBuilding CXX object CMakeFiles/mandeye_unicorn.dir/src/mandeye_unicorn.cpp.o[0m
[0.437s] [ 75%] Built target base_station_unicorn
[8.657s] [01m[K/home/michal/code/msas_elrob_2024/mandeye_unicorn/src/mandeye_unicorn.cpp:[m[K In function â€˜[01m[Kvoid project_gui(DemoOdometryParameters&)[m[Kâ€™:
[8.658s] [01m[K/home/michal/code/msas_elrob_2024/mandeye_unicorn/src/mandeye_unicorn.cpp:531:24:[m[K [01;35m[Kwarning: [m[Kformat not a string literal and no format arguments [[01;35m[K]8;;https://gcc.gnu.org/onlinedocs/gcc/Warning-Options.html#index-Wformat-security-Wformat-security]8;;[m[K]
[8.658s]   531 |             [01;35m[KImGui::Text(roll.c_str())[m[K;
[8.658s]       |             [01;35m[K~~~~~~~~~~~^~~~~~~~~~~~~~[m[K
[8.658s] [01m[K/home/michal/code/msas_elrob_2024/mandeye_unicorn/src/mandeye_unicorn.cpp:533:24:[m[K [01;35m[Kwarning: [m[Kformat not a string literal and no format arguments [[01;35m[K]8;;https://gcc.gnu.org/onlinedocs/gcc/Warning-Options.html#index-Wformat-security-Wformat-security]8;;[m[K]
[8.658s]   533 |             [01;35m[KImGui::Text(pitch.c_str())[m[K;
[8.658s]       |             [01;35m[K~~~~~~~~~~~^~~~~~~~~~~~~~~[m[K
[8.658s] [01m[K/home/michal/code/msas_elrob_2024/mandeye_unicorn/src/mandeye_unicorn.cpp:535:24:[m[K [01;35m[Kwarning: [m[Kformat not a string literal and no format arguments [[01;35m[K]8;;https://gcc.gnu.org/onlinedocs/gcc/Warning-Options.html#index-Wformat-security-Wformat-security]8;;[m[K]
[8.658s]   535 |             [01;35m[KImGui::Text(yaw.c_str())[m[K;
[8.659s]       |             [01;35m[K~~~~~~~~~~~^~~~~~~~~~~~~[m[K
[8.690s] [01m[K/home/michal/code/msas_elrob_2024/mandeye_unicorn/src/mandeye_unicorn.cpp:[m[K In function â€˜[01m[Kvoid SimHandlePc(sensor_msgs::msg::PointCloud2_<std::allocator<void> >::SharedPtr)[m[Kâ€™:
[8.690s] [01m[K/home/michal/code/msas_elrob_2024/mandeye_unicorn/src/mandeye_unicorn.cpp:795:39:[m[K [01;31m[Kerror: [m[Kâ€˜[01m[Kp[m[Kâ€™ was not declared in this scope; did you mean â€˜[01m[Kpt[m[Kâ€™?
[8.690s]   795 |                     new_p.intensity = [01;31m[Kp[m[K.reflectivity;
[8.690s]       |                                       [01;31m[K^[m[K
[8.690s]       |                                       [32m[Kpt[m[K
[8.698s] [01m[K/home/michal/code/msas_elrob_2024/mandeye_unicorn/src/mandeye_unicorn.cpp:804:39:[m[K [01;31m[Kerror: [m[Kâ€˜[01m[Kp[m[Kâ€™ was not declared in this scope; did you mean â€˜[01m[Kpt[m[Kâ€™?
[8.698s]   804 |                     new_p.intensity = [01;31m[Kp[m[K.reflectivity;
[8.698s]       |                                       [01;31m[K^[m[K
[8.698s]       |                                       [32m[Kpt[m[K
[9.174s] [01m[K/home/michal/code/msas_elrob_2024/mandeye_unicorn/src/mandeye_unicorn.cpp:[m[K In function â€˜[01m[Kbool exportLaz(const string&, const std::vector<Point3Di>&)[m[Kâ€™:
[9.174s] [01m[K/home/michal/code/msas_elrob_2024/mandeye_unicorn/src/mandeye_unicorn.cpp:1296:75:[m[K [01;35m[Kwarning: [m[Kformat â€˜[01m[K%d[m[Kâ€™ expects argument of type â€˜[01m[Kint[m[Kâ€™, but argument 3 has type â€˜[01m[Klaszip_I64[m[Kâ€™ {aka â€˜[01m[Klong int[m[Kâ€™} [[01;35m[K]8;;https://gcc.gnu.org/onlinedocs/gcc/Warning-Options.html#index-Wformat=-Wformat=]8;;[m[K]
[9.174s]  1296 | rintf(stderr, "DLL ERROR: setting coordinates for point [01;35m[K%I64d[m[K\n", [32m[Kp_count[m[K);
[9.174s]       |                                                         [01;35m[K~~~~^[m[K     [32m[K~~~~~~~[m[K
[9.174s]       |                                                             [01;35m[K|[m[K     [32m[K|[m[K
[9.175s]       |                                                             [01;35m[Kint[m[K   [32m[Klaszip_I64 {aka long int}[m[K
[9.175s]       |                                                         [32m[K%I64ld[m[K
[9.175s] [01m[K/home/michal/code/msas_elrob_2024/mandeye_unicorn/src/mandeye_unicorn.cpp:1309:59:[m[K [01;35m[Kwarning: [m[Kformat â€˜[01m[K%d[m[Kâ€™ expects argument of type â€˜[01m[Kint[m[Kâ€™, but argument 3 has type â€˜[01m[Klaszip_I64[m[Kâ€™ {aka â€˜[01m[Klong int[m[Kâ€™} [[01;35m[K]8;;https://gcc.gnu.org/onlinedocs/gcc/Warning-Options.html#index-Wformat=-Wformat=]8;;[m[K]
[9.175s]  1309 |             fprintf(stderr, "DLL ERROR: writing point [01;35m[K%I64d[m[K\n", [32m[Kp_count[m[K);
[9.175s]       |                                                       [01;35m[K~~~~^[m[K     [32m[K~~~~~~~[m[K
[9.175s]       |                                                           [01;35m[K|[m[K     [32m[K|[m[K
[9.175s]       |                                                           [01;35m[Kint[m[K   [32m[Klaszip_I64 {aka long int}[m[K
[9.175s]       |                                                       [32m[K%I64ld[m[K
[9.175s] [01m[K/home/michal/code/msas_elrob_2024/mandeye_unicorn/src/mandeye_unicorn.cpp:1320:47:[m[K [01;35m[Kwarning: [m[Kformat â€˜[01m[K%d[m[Kâ€™ expects argument of type â€˜[01m[Kint[m[Kâ€™, but argument 3 has type â€˜[01m[Klaszip_I64[m[Kâ€™ {aka â€˜[01m[Klong int[m[Kâ€™} [[01;35m[K]8;;https://gcc.gnu.org/onlinedocs/gcc/Warning-Options.html#index-Wformat=-Wformat=]8;;[m[K]
[9.175s]  1320 |     fprintf(stderr, "successfully written [01;35m[K%I64d[m[K points\n", [32m[Kp_count[m[K);
[9.176s]       |                                           [01;35m[K~~~~^[m[K            [32m[K~~~~~~~[m[K
[9.176s]       |                                               [01;35m[K|[m[K            [32m[K|[m[K
[9.176s]       |                                               [01;35m[Kint[m[K          [32m[Klaszip_I64 {aka long int}[m[K
[9.176s]       |                                           [32m[K%I64ld[m[K
[21.292s] gmake[2]: *** [CMakeFiles/mandeye_unicorn.dir/build.make:76: CMakeFiles/mandeye_unicorn.dir/src/mandeye_unicorn.cpp.o] Error 1
[21.292s] gmake[1]: *** [CMakeFiles/Makefile2:190: CMakeFiles/mandeye_unicorn.dir/all] Error 2
[21.292s] gmake: *** [Makefile:166: all] Error 2
[21.295s] Invoked command in '/home/michal/code/msas_elrob_2024/mandeye_unicorn/build/mandeye_unicorn' returned '2': CMAKE_PREFIX_PATH=${CMAKE_PREFIX_PATH}:/home/michal/SmartMicroWs/install/radar_bringup:/home/michal/github/ROSCon2023Demo/ros2_ws/install/otto_fleet_nav:/home/michal/github/ROSConDemo/kraken_nav/install/o3de_kraken_orchestration:/home/michal/github/ROSConDemo/kraken_nav/install/o3de_kraken_nav:/opt/ros/humble /usr/bin/cmake --build /home/michal/code/msas_elrob_2024/mandeye_unicorn/build/mandeye_unicorn -- -j16 -l16
